{"/Users/juliananderson/enzyme-jest-testing/src/App.js": {"path":"/Users/juliananderson/enzyme-jest-testing/src/App.js","statementMap":{"0":{"start":{"line":10,"column":4},"end":{"line":16,"column":6}}},"fnMap":{"0":{"name":"(anonymous_0)","decl":{"start":{"line":9,"column":2},"end":{"line":9,"column":3}},"loc":{"start":{"line":9,"column":11},"end":{"line":17,"column":3}},"line":9}},"branchMap":{},"s":{"0":2},"f":{"0":2},"b":{},"_coverageSchema":"332fd63041d2c1bcb487cc26dd0d5f7d97098a6c","hash":"e7cd94cd06304d0c02e1065b23bd13fe97bed400"}
,"/Users/juliananderson/enzyme-jest-testing/src/index.js": {"path":"/Users/juliananderson/enzyme-jest-testing/src/index.js","statementMap":{"0":{"start":{"line":1,"column":0},"end":{"line":null,"column":-1}},"1":{"start":{"line":2,"column":0},"end":{"line":null,"column":-1}},"2":{"start":{"line":3,"column":0},"end":{"line":null,"column":-1}},"3":{"start":{"line":4,"column":0},"end":{"line":null,"column":-1}},"4":{"start":{"line":5,"column":0},"end":{"line":null,"column":-1}},"5":{"start":{"line":12,"column":0},"end":{"line":null,"column":-1}}},"fnMap":{},"branchMap":{},"s":{"0":0,"1":0,"2":0,"3":0,"4":0,"5":0},"f":{},"b":{}}
,"/Users/juliananderson/enzyme-jest-testing/src/serviceWorker.js": {"path":"/Users/juliananderson/enzyme-jest-testing/src/serviceWorker.js","statementMap":{"0":{"start":{"line":11,"column":20},"end":{"line":11,"column":0}},"1":{"start":{"line":22,"column":2},"end":{"line":52,"column":3}},"2":{"start":{"line":24,"column":22},"end":{"line":24,"column":4}},"3":{"start":{"line":25,"column":4},"end":{"line":30,"column":5}},"4":{"start":{"line":29,"column":6},"end":{"line":null,"column":-1}},"5":{"start":{"line":32,"column":4},"end":{"line":null,"column":-1}},"6":{"start":{"line":33,"column":21},"end":{"line":33,"column":6}},"7":{"start":{"line":35,"column":6},"end":{"line":50,"column":7}},"8":{"start":{"line":37,"column":8},"end":{"line":35,"column":23}},"9":{"start":{"line":41,"column":8},"end":{"line":null,"column":-1}},"10":{"start":{"line":42,"column":10},"end":{"line":null,"column":-1}},"11":{"start":{"line":49,"column":8},"end":{"line":null,"column":-1}},"12":{"start":{"line":56,"column":2},"end":{"line":null,"column":-1}},"13":{"start":{"line":59,"column":6},"end":{"line":null,"column":-1}},"14":{"start":{"line":60,"column":33},"end":{"line":60,"column":8}},"15":{"start":{"line":61,"column":8},"end":{"line":null,"column":-1}},"16":{"start":{"line":62,"column":10},"end":{"line":85,"column":11}},"17":{"start":{"line":63,"column":12},"end":{"line":84,"column":13}},"18":{"start":{"line":68,"column":14},"end":{"line":63,"column":52}},"19":{"start":{"line":71,"column":14},"end":{"line":73,"column":15}},"20":{"start":{"line":72,"column":16},"end":{"line":null,"column":-1}},"21":{"start":{"line":78,"column":14},"end":{"line":74,"column":19}},"22":{"start":{"line":81,"column":14},"end":{"line":83,"column":15}},"23":{"start":{"line":82,"column":16},"end":{"line":null,"column":-1}},"24":{"start":{"line":90,"column":6},"end":{"line":null,"column":-1}},"25":{"start":{"line":96,"column":2},"end":{"line":null,"column":-1}},"26":{"start":{"line":99,"column":6},"end":{"line":112,"column":7}},"27":{"start":{"line":104,"column":8},"end":{"line":null,"column":-1}},"28":{"start":{"line":105,"column":10},"end":{"line":null,"column":-1}},"29":{"start":{"line":106,"column":12},"end":{"line":null,"column":-1}},"30":{"start":{"line":111,"column":8},"end":{"line":null,"column":-1}},"31":{"start":{"line":115,"column":6},"end":{"line":null,"column":-1}},"32":{"start":{"line":122,"column":2},"end":{"line":126,"column":3}},"33":{"start":{"line":123,"column":4},"end":{"line":null,"column":-1}},"34":{"start":{"line":124,"column":6},"end":{"line":null,"column":-1}}},"fnMap":{"0":{"name":"register","decl":{"start":{"line":21,"column":16},"end":{"line":21,"column":7}},"loc":{"start":{"line":21,"column":33},"end":{"line":53,"column":1}}},"1":{"name":"(anonymous_1)","decl":{"start":{"line":32,"column":36},"end":{"line":32,"column":41}},"loc":{"start":{"line":32,"column":42},"end":{"line":32,"column":4}}},"2":{"name":"(anonymous_2)","decl":{"start":{"line":41,"column":43},"end":{"line":41,"column":48}},"loc":{"start":{"line":41,"column":49},"end":{"line":41,"column":8}}},"3":{"name":"registerValidSW","decl":{"start":{"line":55,"column":9},"end":{"line":55,"column":0}},"loc":{"start":{"line":55,"column":40},"end":{"line":92,"column":1}}},"4":{"name":"(anonymous_4)","decl":{"start":{"line":58,"column":10},"end":{"line":58,"column":21}},"loc":{"start":{"line":58,"column":26},"end":{"line":56,"column":2}}},"5":{"name":"(anonymous_5)","decl":{"start":{"line":59,"column":35},"end":{"line":59,"column":40}},"loc":{"start":{"line":59,"column":41},"end":{"line":59,"column":6}}},"6":{"name":"(anonymous_6)","decl":{"start":{"line":61,"column":41},"end":{"line":61,"column":46}},"loc":{"start":{"line":61,"column":47},"end":{"line":61,"column":8}}},"7":{"name":"(anonymous_7)","decl":{"start":{"line":89,"column":11},"end":{"line":89,"column":15}},"loc":{"start":{"line":89,"column":20},"end":{"line":56,"column":2}}},"8":{"name":"checkValidServiceWorker","decl":{"start":{"line":94,"column":9},"end":{"line":94,"column":0}},"loc":{"start":{"line":94,"column":48},"end":{"line":119,"column":1}}},"9":{"name":"(anonymous_9)","decl":{"start":{"line":97,"column":10},"end":{"line":97,"column":17}},"loc":{"start":{"line":97,"column":22},"end":{"line":96,"column":2}}},"10":{"name":"(anonymous_10)","decl":{"start":{"line":104,"column":43},"end":{"line":104,"column":54}},"loc":{"start":{"line":104,"column":59},"end":{"line":104,"column":8}}},"11":{"name":"(anonymous_11)","decl":{"start":{"line":105,"column":41},"end":{"line":105,"column":46}},"loc":{"start":{"line":105,"column":47},"end":{"line":105,"column":10}}},"12":{"name":"(anonymous_12)","decl":{"start":{"line":114,"column":11},"end":{"line":114,"column":16}},"loc":{"start":{"line":114,"column":17},"end":{"line":96,"column":2}}},"13":{"name":"unregister","decl":{"start":{"line":121,"column":16},"end":{"line":121,"column":7}},"loc":{"start":{"line":121,"column":29},"end":{"line":127,"column":1}}},"14":{"name":"(anonymous_14)","decl":{"start":{"line":123,"column":39},"end":{"line":123,"column":50}},"loc":{"start":{"line":123,"column":55},"end":{"line":123,"column":4}}}},"branchMap":{"0":{"loc":{"start":{"line":12,"column":2},"end":{"line":12,"column":1}},"type":"binary-expr","locations":[{"start":{"line":12,"column":2},"end":{"line":12,"column":1}},{"start":{"line":14,"column":4},"end":{"line":12,"column":2}},{"start":{"line":16,"column":4},"end":{"line":11,"column":27}}]},"1":{"loc":{"start":{"line":22,"column":2},"end":{"line":52,"column":3}},"type":"if","locations":[{"start":{"line":22,"column":2},"end":{"line":52,"column":3}},{"start":{"line":22,"column":2},"end":{"line":52,"column":3}}]},"2":{"loc":{"start":{"line":22,"column":6},"end":{"line":22,"column":5}},"type":"binary-expr","locations":[{"start":{"line":22,"column":6},"end":{"line":22,"column":5}},{"start":{"line":22,"column":47},"end":{"line":22,"column":2}}]},"3":{"loc":{"start":{"line":25,"column":4},"end":{"line":30,"column":5}},"type":"if","locations":[{"start":{"line":25,"column":4},"end":{"line":30,"column":5}},{"start":{"line":25,"column":4},"end":{"line":30,"column":5}}]},"4":{"loc":{"start":{"line":35,"column":6},"end":{"line":50,"column":7}},"type":"if","locations":[{"start":{"line":35,"column":6},"end":{"line":50,"column":7}},{"start":{"line":35,"column":6},"end":{"line":50,"column":7}}]},"5":{"loc":{"start":{"line":62,"column":10},"end":{"line":85,"column":11}},"type":"if","locations":[{"start":{"line":62,"column":10},"end":{"line":85,"column":11}},{"start":{"line":62,"column":10},"end":{"line":85,"column":11}}]},"6":{"loc":{"start":{"line":63,"column":12},"end":{"line":84,"column":13}},"type":"if","locations":[{"start":{"line":63,"column":12},"end":{"line":84,"column":13}},{"start":{"line":63,"column":12},"end":{"line":84,"column":13}}]},"7":{"loc":{"start":{"line":71,"column":14},"end":{"line":73,"column":15}},"type":"if","locations":[{"start":{"line":71,"column":14},"end":{"line":73,"column":15}},{"start":{"line":71,"column":14},"end":{"line":73,"column":15}}]},"8":{"loc":{"start":{"line":81,"column":14},"end":{"line":83,"column":15}},"type":"if","locations":[{"start":{"line":81,"column":14},"end":{"line":83,"column":15}},{"start":{"line":81,"column":14},"end":{"line":83,"column":15}}]},"9":{"loc":{"start":{"line":99,"column":6},"end":{"line":112,"column":7}},"type":"if","locations":[{"start":{"line":99,"column":6},"end":{"line":112,"column":7}},{"start":{"line":99,"column":6},"end":{"line":112,"column":7}}]},"10":{"loc":{"start":{"line":100,"column":8},"end":{"line":100,"column":7}},"type":"binary-expr","locations":[{"start":{"line":100,"column":8},"end":{"line":100,"column":7}},{"start":{"line":101,"column":8},"end":{"line":99,"column":6}}]},"11":{"loc":{"start":{"line":122,"column":2},"end":{"line":126,"column":3}},"type":"if","locations":[{"start":{"line":122,"column":2},"end":{"line":126,"column":3}},{"start":{"line":122,"column":2},"end":{"line":126,"column":3}}]}},"s":{"0":0,"1":0,"2":0,"3":0,"4":0,"5":0,"6":0,"7":0,"8":0,"9":0,"10":0,"11":0,"12":0,"13":0,"14":0,"15":0,"16":0,"17":0,"18":0,"19":0,"20":0,"21":0,"22":0,"23":0,"24":0,"25":0,"26":0,"27":0,"28":0,"29":0,"30":0,"31":0,"32":0,"33":0,"34":0},"f":{"0":0,"1":0,"2":0,"3":0,"4":0,"5":0,"6":0,"7":0,"8":0,"9":0,"10":0,"11":0,"12":0,"13":0,"14":0},"b":{"0":[0,0,0],"1":[0,0],"2":[0,0],"3":[0,0],"4":[0,0],"5":[0,0],"6":[0,0],"7":[0,0],"8":[0,0],"9":[0,0],"10":[0,0],"11":[0,0]}}
,"/Users/juliananderson/enzyme-jest-testing/src/setupTests.js": {"path":"/Users/juliananderson/enzyme-jest-testing/src/setupTests.js","statementMap":{"0":{"start":{"line":4,"column":0},"end":{"line":6,"column":2}}},"fnMap":{},"branchMap":{},"s":{"0":2},"f":{},"b":{},"_coverageSchema":"332fd63041d2c1bcb487cc26dd0d5f7d97098a6c","hash":"9fa1d36217265d9949608e35426383e34b133f6b"}
,"/Users/juliananderson/enzyme-jest-testing/src/components/CommentBox.jsx": {"path":"/Users/juliananderson/enzyme-jest-testing/src/components/CommentBox.jsx","statementMap":{"0":{"start":{"line":9,"column":4},"end":{"line":9,"column":22}},"1":{"start":{"line":10,"column":4},"end":{"line":12,"column":6}},"2":{"start":{"line":16,"column":4},"end":{"line":16,"column":22}},"3":{"start":{"line":17,"column":4},"end":{"line":19,"column":6}},"4":{"start":{"line":23,"column":4},"end":{"line":33,"column":6}}},"fnMap":{"0":{"name":"(anonymous_0)","decl":{"start":{"line":8,"column":15},"end":{"line":8,"column":16}},"loc":{"start":{"line":8,"column":19},"end":{"line":13,"column":3}},"line":8},"1":{"name":"(anonymous_1)","decl":{"start":{"line":15,"column":18},"end":{"line":15,"column":19}},"loc":{"start":{"line":15,"column":22},"end":{"line":20,"column":3}},"line":15},"2":{"name":"(anonymous_2)","decl":{"start":{"line":22,"column":2},"end":{"line":22,"column":3}},"loc":{"start":{"line":22,"column":10},"end":{"line":34,"column":3}},"line":22}},"branchMap":{},"s":{"0":1,"1":1,"2":0,"3":0,"4":3},"f":{"0":1,"1":0,"2":3},"b":{},"_coverageSchema":"332fd63041d2c1bcb487cc26dd0d5f7d97098a6c","hash":"dee27a9a7d0c93a325bd06f233cd3dd7eafdf791"}
,"/Users/juliananderson/enzyme-jest-testing/src/components/CommentList.jsx": {"path":"/Users/juliananderson/enzyme-jest-testing/src/components/CommentList.jsx","statementMap":{"0":{"start":{"line":3,"column":20},"end":{"line":9,"column":1}},"1":{"start":{"line":4,"column":2},"end":{"line":8,"column":4}}},"fnMap":{"0":{"name":"(anonymous_0)","decl":{"start":{"line":3,"column":20},"end":{"line":3,"column":21}},"loc":{"start":{"line":3,"column":26},"end":{"line":9,"column":1}},"line":3}},"branchMap":{},"s":{"0":1,"1":0},"f":{"0":0},"b":{},"_coverageSchema":"332fd63041d2c1bcb487cc26dd0d5f7d97098a6c","hash":"65ca337bcbd40b0eedaf7c2b6034efc1ed641086"}
}
